23:46:48.720 [main] INFO  api.test.UserTests - -----------------Creating User--------------
23:46:52.079 [main] INFO  api.test.UserTests - -----------------Geting  User--------------
23:46:53.393 [main] INFO  api.test.UserTests - -----------------Updarting  User--------------
23:46:55.769 [main] INFO  api.test.UserTests - -----------------Deleting User--------------
23:50:40.931 [main] INFO  api.test.UserTests - -----------------Creating User--------------
23:50:43.865 [main] INFO  api.test.UserTests - ----------------- User Created--------------
23:50:43.882 [main] INFO  api.test.UserTests - -----------------Geting  User--------------
23:50:45.148 [main] INFO  api.test.UserTests - -----------------Updarting  User--------------
23:50:46.404 [main] INFO  api.test.UserTests - -----------------updated User--------------
23:50:47.636 [main] INFO  api.test.UserTests - -----------------Deleting User--------------
23:50:48.794 [main] INFO  api.test.UserTests - -----------------Deleted User--------------
23:52:31.661 [main] INFO  api.test.UserTests - -----------------Creating User--------------
23:52:34.967 [main] INFO  api.test.UserTests - ----------------- User Created--------------
23:52:34.981 [main] INFO  api.test.UserTests - -----------------Geting  User--------------
23:52:36.250 [main] INFO  api.test.UserTests - -----------------Ge  User--------------
23:52:36.254 [main] INFO  api.test.UserTests - -----------------Updarting  User--------------
23:52:37.453 [main] INFO  api.test.UserTests - -----------------updated User--------------
23:52:38.690 [main] INFO  api.test.UserTests - -----------------Deleting User--------------
23:52:39.874 [main] INFO  api.test.UserTests - -----------------Deleted User--------------
23:55:27.523 [main] INFO  api.test.UserTests - -----------------Creating User--------------
23:55:30.728 [main] INFO  api.test.UserTests - ----------------- User Created--------------
23:55:30.745 [main] INFO  api.test.UserTests - -----------------Geting  User--------------
23:55:31.991 [main] INFO  api.test.UserTests - -----------------Ge  User--------------
23:55:31.995 [main] INFO  api.test.UserTests - -----------------Updarting  User--------------
23:55:33.289 [main] INFO  api.test.UserTests - -----------------updated User--------------
23:55:34.549 [main] INFO  api.test.UserTests - -----------------Deleting User--------------
23:55:35.829 [main] INFO  api.test.UserTests - -----------------Deleted User--------------
23:58:07.792 [main] DEBUG api.test.UserTests - -----debug------
23:58:07.810 [main] INFO  api.test.UserTests - -----------------Creating User--------------
23:58:10.885 [main] INFO  api.test.UserTests - ----------------- User Created--------------
23:58:10.901 [main] INFO  api.test.UserTests - -----------------Geting  User--------------
23:58:12.161 [main] INFO  api.test.UserTests - -----------------Ge  User--------------
23:58:12.163 [main] INFO  api.test.UserTests - -----------------Updarting  User--------------
23:58:13.442 [main] INFO  api.test.UserTests - -----------------updated User--------------
23:58:14.641 [main] INFO  api.test.UserTests - -----------------Deleting User--------------
23:58:15.898 [main] INFO  api.test.UserTests - -----------------Deleted User--------------
23:58:52.260 [main] DEBUG api.test.UserTests - -----debug------
23:58:52.278 [main] INFO  api.test.UserTests - -----------------Creating User--------------
23:58:55.139 [main] INFO  api.test.UserTests - ----------------- User Created--------------
23:58:55.159 [main] INFO  api.test.UserTests - -----------------Geting  User--------------
23:58:56.388 [main] INFO  api.test.UserTests - -----------------Ge  User--------------
23:58:56.390 [main] INFO  api.test.UserTests - -----------------Updarting  User--------------
23:58:57.614 [main] INFO  api.test.UserTests - -----------------updated User--------------
23:58:58.851 [main] INFO  api.test.UserTests - -----------------Deleting User--------------
23:59:00.221 [main] INFO  api.test.UserTests - -----------------Deleted User--------------
10:36:27.704 [main] INFO  api.test.UserTests - -----------------Creating User--------------
10:36:30.476 [main] INFO  api.test.UserTests - ----------------- User Created--------------
10:36:30.481 [main] INFO  api.test.UserTests - -----------------Geting  User--------------
10:36:31.541 [main] INFO  api.test.UserTests - -----------------Ge  User--------------
10:36:31.544 [main] INFO  api.test.UserTests - -----------------Updarting  User--------------
10:36:32.566 [main] INFO  api.test.UserTests - -----------------updated User--------------
10:36:33.627 [main] INFO  api.test.UserTests - -----------------Deleting User--------------
10:36:34.737 [main] INFO  api.test.UserTests - -----------------Deleted User--------------
10:49:28.608 [main] INFO  api.test.UserTests - -----------------Creating User--------------
10:49:31.491 [main] INFO  api.test.UserTests - ----------------- User Created--------------
10:49:31.497 [main] INFO  api.test.UserTests - -----------------Geting  User--------------
10:49:32.588 [main] INFO  api.test.UserTests - -----------------Ge  User--------------
10:49:32.590 [main] INFO  api.test.UserTests - -----------------Updarting  User--------------
10:49:33.621 [main] INFO  api.test.UserTests - -----------------updated User--------------
10:50:13.498 [main] INFO  api.test.UserTests - -----------------Creating User--------------
10:50:16.149 [main] INFO  api.test.UserTests - ----------------- User Created--------------
10:50:16.154 [main] INFO  api.test.UserTests - -----------------Geting  User--------------
10:50:17.202 [main] INFO  api.test.UserTests - -----------------Ge  User--------------
10:50:17.207 [main] INFO  api.test.UserTests - -----------------Deleting User--------------
10:50:18.224 [main] INFO  api.test.UserTests - -----------------Deleted User--------------
10:53:27.456 [main] INFO  api.test.UserTests - -----------------Creating User--------------
10:53:29.970 [main] INFO  api.test.UserTests - ----------------- User Created--------------
10:53:29.976 [main] INFO  api.test.UserTests - -----------------Geting  User--------------
10:53:31.043 [main] INFO  api.test.UserTests - -----------------Ge  User--------------
10:53:31.045 [main] INFO  api.test.UserTests - -----------------Updarting  User--------------
10:53:32.100 [main] INFO  api.test.UserTests - -----------------updated User--------------
10:53:33.144 [main] INFO  api.test.UserTests - -----------------Deleting User--------------
10:53:34.164 [main] INFO  api.test.UserTests - -----------------Deleted User--------------
11:00:06.121 [main] INFO  api.test.UserTests - -----------------Creating User--------------
11:00:08.748 [main] INFO  api.test.UserTests - ----------------- User Created--------------
11:00:08.753 [main] INFO  api.test.UserTests - -----------------Geting  User--------------
11:00:09.824 [main] INFO  api.test.UserTests - -----------------Ge  User--------------
11:00:09.827 [main] INFO  api.test.UserTests - -----------------Updarting  User--------------
11:00:10.881 [main] INFO  api.test.UserTests - -----------------updated User--------------
11:00:11.926 [main] INFO  api.test.UserTests - -----------------Deleting User--------------
11:00:12.949 [main] INFO  api.test.UserTests - -----------------Deleted User--------------
11:01:24.795 [main] INFO  api.test.UserTests - -----------------Creating User--------------
11:01:27.415 [main] INFO  api.test.UserTests - ----------------- User Created--------------
11:01:27.421 [main] INFO  api.test.UserTests - -----------------Geting  User--------------
11:01:28.515 [main] INFO  api.test.UserTests - -----------------Ge  User--------------
11:01:28.524 [main] INFO  api.test.UserTests - -----------------Updarting  User--------------
11:01:29.557 [main] INFO  api.test.UserTests - -----------------updated User--------------
11:01:30.636 [main] INFO  api.test.UserTests - -----------------Deleting User--------------
11:01:31.662 [main] INFO  api.test.UserTests - -----------------Deleted User--------------
11:04:18.884 [main] INFO  api.test.UserTests - -----------------Creating User--------------
11:04:21.506 [main] INFO  api.test.UserTests - ----------------- User Created--------------
11:04:21.512 [main] INFO  api.test.UserTests - -----------------Geting  User--------------
11:04:22.574 [main] INFO  api.test.UserTests - -----------------Ge  User--------------
11:04:22.576 [main] INFO  api.test.UserTests - -----------------Updarting  User--------------
11:04:23.622 [main] INFO  api.test.UserTests - -----------------updated User--------------
11:04:24.672 [main] INFO  api.test.UserTests - -----------------Deleting User--------------
11:04:25.711 [main] INFO  api.test.UserTests - -----------------Deleted User--------------
11:31:08.602 [main] INFO  api.test.UserTests2 - -----------------Creating User--------------
11:31:11.449 [main] INFO  api.test.UserTests2 - ----------------- User Created--------------
11:31:11.464 [main] INFO  api.test.UserTests2 - -----------------Geting  User--------------
11:31:11.474 [main] INFO  api.test.UserTests2 - -----------------Updarting  User--------------
11:31:11.480 [main] INFO  api.test.UserTests2 - -----------------Deleting User--------------
12:01:37.751 [main] INFO  api.test.UserTests2 - -----------------Creating User--------------
12:01:40.756 [main] INFO  api.test.UserTests2 - ----------------- User Created--------------
12:01:40.762 [main] INFO  api.test.UserTests2 - -----------------Geting  User--------------
12:01:41.815 [main] INFO  api.test.UserTests2 - -----------------Ge  User--------------
12:01:41.818 [main] INFO  api.test.UserTests2 - -----------------Updarting  User--------------
12:01:42.864 [main] INFO  api.test.UserTests2 - -----------------updated User--------------
12:01:43.923 [main] INFO  api.test.UserTests2 - -----------------Deleting User--------------
12:01:44.959 [main] INFO  api.test.UserTests2 - -----------------Deleted User--------------
12:09:37.448 [main] INFO  api.test.UserTests2 - -----------------Creating User--------------
12:09:39.993 [main] INFO  api.test.UserTests2 - ----------------- User Created--------------
12:09:40.008 [main] INFO  api.test.UserTests2 - -----------------Geting  User--------------
12:09:41.063 [main] INFO  api.test.UserTests2 - -----------------Ge  User--------------
12:09:41.066 [main] INFO  api.test.UserTests2 - -----------------Updarting  User--------------
12:09:42.117 [main] INFO  api.test.UserTests2 - -----------------updated User--------------
12:09:43.161 [main] INFO  api.test.UserTests2 - -----------------Deleting User--------------
12:09:44.192 [main] INFO  api.test.UserTests2 - -----------------Deleted User--------------
12:28:24.480 [main] INFO  api.test.UserTests - -----------------Creating User--------------
12:28:27.373 [main] INFO  api.test.UserTests - ----------------- User Created--------------
12:28:27.376 [main] INFO  api.test.UserTests - -----------------Geting  User--------------
12:28:28.429 [main] INFO  api.test.UserTests - -----------------Ge  User--------------
12:28:28.430 [main] INFO  api.test.UserTests - -----------------Updarting  User--------------
12:28:29.489 [main] INFO  api.test.UserTests - -----------------updated User--------------
12:28:30.512 [main] INFO  api.test.UserTests - -----------------Deleting User--------------
12:28:31.557 [main] INFO  api.test.UserTests - -----------------Deleted User--------------
12:30:38.167 [main] INFO  api.test.UserTests2 - -----------------Creating User--------------
12:30:40.834 [main] INFO  api.test.UserTests2 - ----------------- User Created--------------
12:30:40.846 [main] INFO  api.test.UserTests2 - -----------------Geting  User--------------
12:30:41.919 [main] INFO  api.test.UserTests2 - -----------------Ge  User--------------
12:30:41.920 [main] INFO  api.test.UserTests2 - -----------------Updarting  User--------------
12:30:42.949 [main] INFO  api.test.UserTests2 - -----------------updated User--------------
12:30:43.986 [main] INFO  api.test.UserTests2 - -----------------Deleting User--------------
12:30:45.041 [main] INFO  api.test.UserTests2 - -----------------Deleted User--------------
12:54:31.171 [main] INFO  api.test.UserTests2 - -----------------Creating User--------------
12:54:34.031 [main] INFO  api.test.UserTests2 - ----------------- User Created--------------
12:54:34.042 [main] INFO  api.test.UserTests2 - -----------------Geting  User--------------
12:54:35.108 [main] INFO  api.test.UserTests2 - -----------------Ge  User--------------
12:54:35.109 [main] INFO  api.test.UserTests2 - -----------------Updarting  User--------------
12:54:36.204 [main] INFO  api.test.UserTests2 - -----------------updated User--------------
12:54:37.228 [main] INFO  api.test.UserTests2 - -----------------Deleting User--------------
12:54:38.284 [main] INFO  api.test.UserTests2 - -----------------Deleted User--------------
